#
# There is insufficient memory for the Java Runtime Environment to continue.
# Native memory allocation (mmap) failed to map 264241152 bytes for G1 virtual space
# Possible reasons:
#   The system is out of physical RAM or swap space
#   The process is running with CompressedOops enabled, and the Java Heap may be blocking the growth of the native heap
# Possible solutions:
#   Reduce memory load on the system
#   Increase physical memory or swap space
#   Check if swap backing store is full
#   Decrease Java heap size (-Xmx/-Xms)
#   Decrease number of Java threads
#   Decrease Java thread stack sizes (-Xss)
#   Set larger code cache with -XX:ReservedCodeCacheSize=
#   JVM is running with Zero Based Compressed Oops mode in which the Java heap is
#     placed in the first 32GB address space. The Java Heap base address is the
#     maximum limit for the native heap growth. Please use -XX:HeapBaseMinAddress
#     to set the Java Heap base and to place the Java Heap above 32GB virtual address.
# This output file may be truncated or incomplete.
#
#  Out of Memory Error (os_windows.cpp:3600), pid=13752, tid=13748
#
# JRE version:  (21.0.2+13) (build )
# Java VM: OpenJDK 64-Bit Server VM (21.0.2+13-58, mixed mode, sharing, tiered, compressed oops, compressed class ptrs, g1 gc, windows-amd64)
# No core dump will be written. Minidumps are not enabled by default on client versions of Windows
#

---------------  S U M M A R Y ------------

Command Line: -Dclassworlds.conf=D:\Java\apache-maven-3.9.6\bin\m2.conf -Dmaven.home=D:\Java\apache-maven-3.9.6 -Dlibrary.jansi.path=D:\Java\apache-maven-3.9.6\lib\jansi-native -Dmaven.multiModuleProjectDirectory=C:\Users\Admin\Desktop\uniclub\be_uniclub org.codehaus.plexus.classworlds.launcher.Launcher clean install -Xmx512m

Host: 11th Gen Intel(R) Core(TM) i7-11800H @ 2.30GHz, 16 cores, 15G,  Windows 11 , 64 bit Build 26100 (10.0.26100.6725)
Time: Sat Oct 18 14:14:49 2025 SE Asia Standard Time elapsed time: 1.085232 seconds (0d 0h 0m 1s)

---------------  T H R E A D  ---------------

Current thread (0x000002a2a3fa9840):  JavaThread "Unknown thread" [_thread_in_vm, id=13748, stack(0x000000bd1e700000,0x000000bd1e800000) (1024K)]

Stack: [0x000000bd1e700000,0x000000bd1e800000]
Native frames: (J=compiled Java code, j=interpreted, Vv=VM code, C=native code)
V  [jvm.dll+0x6cade9]
V  [jvm.dll+0x8569c1]
V  [jvm.dll+0x858d2e]
V  [jvm.dll+0x859413]
V  [jvm.dll+0x280e56]
V  [jvm.dll+0x6c74d5]
V  [jvm.dll+0x6bbeca]
V  [jvm.dll+0x355bca]
V  [jvm.dll+0x35d816]
V  [jvm.dll+0x3ae67e]
V  [jvm.dll+0x3ae928]
V  [jvm.dll+0x3295dc]
V  [jvm.dll+0x32a16b]
V  [jvm.dll+0x81efa9]
V  [jvm.dll+0x3bba01]
V  [jvm.dll+0x807928]
V  [jvm.dll+0x44f50e]
V  [jvm.dll+0x450e11]
C  [jli.dll+0x52a3]
C  [ucrtbase.dll+0x37b0]
C  [KERNEL32.DLL+0x2e8d7]
C  [ntdll.dll+0x8c53c]


---------------  P R O C E S S  ---------------

Threads class SMR info:
_java_thread_list=0x00007ffb5498bb88, length=0, elements={
}

Java Threads: ( => current thread )
Total: 0

Other Threads:
  0x000002a2a400f950 WorkerThread "GC Thread#0"                     [id=8084, stack(0x000000bd1e800000,0x000000bd1e900000) (1024K)]
  0x000002a2a4021b10 ConcurrentGCThread "G1 Main Marker"            [id=11308, stack(0x000000bd1e900000,0x000000bd1ea00000) (1024K)]
  0x000002a2a4022610 WorkerThread "G1 Conc#0"                       [id=10288, stack(0x000000bd1ea00000,0x000000bd1eb00000) (1024K)]

[error occurred during error reporting (printing all threads), id 0xc0000005, EXCEPTION_ACCESS_VIOLATION (0xc0000005) at pc=0x00007ffb540fc6a7]
VM state: not at safepoint (not fully initialized)

VM Mutex/Monitor currently owned by a thread:  ([mutex/lock_event])
[0x00007ffb549fce68] Heap_lock - owner thread: 0x000002a2a3fa9840

Heap address: 0x0000000704400000, size: 4028 MB, Compressed Oops mode: Zero based, Oop shift amount: 3

CDS archive(s) mapped at: [0x0000000000000000-0x0000000000000000-0x0000000000000000), size 0, SharedBaseAddress: 0x0000000800000000, ArchiveRelocationMode: 1.
Narrow klass base: 0x0000000000000000, Narrow klass shift: 0, Narrow klass range: 0x0

GC Precious Log:
 CardTable entry size: 512
 Card Set container configuration: InlinePtr #cards 4 size 8 Array Of Cards #cards 16 size 48 Howl #buckets 8 coarsen threshold 3686 Howl Bitmap #cards 512 size 80 coarsen threshold 460 Card regions per heap region 1 cards per card region 4096

Heap:
 garbage-first heap   total 0K, used 0K [0x0000000704400000, 0x0000000800000000)
  region size 2048K, 0 young (0K), 0 survivors (0K)

[error occurred during error reporting (printing heap information), id 0xc0000005, EXCEPTION_ACCESS_VIOLATION (0xc0000005) at pc=0x00007ffb544e39f9]
GC Heap History (0 events):
No events

Dll operation events (1 events):
Event: 0.019 Loaded shared library D:\Java\jdk-21.0.2\bin\java.dll

Deoptimization events (0 events):
No events

Classes loaded (0 events):
No events

Classes unloaded (0 events):
No events

Classes redefined (0 events):
No events

Internal exceptions (0 events):
No events

ZGC Phase Switch (0 events):
No events

VM Operations (0 events):
No events

Events (0 events):
No events


Dynamic libraries:
0x00007ff64fc90000 - 0x00007ff64fc9e000 	D:\Java\jdk-21.0.2\bin\java.exe
0x00007ffc01f40000 - 0x00007ffc021a8000 	C:\WINDOWS\SYSTEM32\ntdll.dll
0x00007ffc00e60000 - 0x00007ffc00f29000 	C:\WINDOWS\System32\KERNEL32.DLL
0x00007ffbff2e0000 - 0x00007ffbff6d2000 	C:\WINDOWS\System32\KERNELBASE.dll
0x00007ffbff0d0000 - 0x00007ffbff21b000 	C:\WINDOWS\System32\ucrtbase.dll
0x00007ffbe5200000 - 0x00007ffbe5218000 	D:\Java\jdk-21.0.2\bin\jli.dll
0x00007ffc00c90000 - 0x00007ffc00e55000 	C:\WINDOWS\System32\USER32.dll
0x00007ffbff220000 - 0x00007ffbff247000 	C:\WINDOWS\System32\win32u.dll
0x00007ffc01ea0000 - 0x00007ffc01ecb000 	C:\WINDOWS\System32\GDI32.dll
0x00007ffbe3240000 - 0x00007ffbe34d3000 	C:\WINDOWS\WinSxS\amd64_microsoft.windows.common-controls_6595b64144ccf1df_6.0.26100.6899_none_3e0efeeae32e88c1\COMCTL32.dll
0x00007ffbe3d10000 - 0x00007ffbe3d2b000 	D:\Java\jdk-21.0.2\bin\VCRUNTIME140.dll
0x00007ffbffb20000 - 0x00007ffbffc4d000 	C:\WINDOWS\System32\gdi32full.dll
0x00007ffbff900000 - 0x00007ffbff9a3000 	C:\WINDOWS\System32\msvcp_win.dll
0x00007ffc00b60000 - 0x00007ffc00c09000 	C:\WINDOWS\System32\msvcrt.dll
0x00007ffc00b20000 - 0x00007ffc00b4f000 	C:\WINDOWS\System32\IMM32.DLL
0x00007ffbe5360000 - 0x00007ffbe536c000 	D:\Java\jdk-21.0.2\bin\vcruntime140_1.dll
0x00007ffbc5310000 - 0x00007ffbc539e000 	D:\Java\jdk-21.0.2\bin\msvcp140.dll
0x00007ffb53dc0000 - 0x00007ffb54ad7000 	D:\Java\jdk-21.0.2\bin\server\jvm.dll
0x00007ffc01110000 - 0x00007ffc011c4000 	C:\WINDOWS\System32\ADVAPI32.dll
0x00007ffc01c90000 - 0x00007ffc01d36000 	C:\WINDOWS\System32\sechost.dll
0x00007ffc005b0000 - 0x00007ffc006c8000 	C:\WINDOWS\System32\RPCRT4.dll
0x00007ffc00c10000 - 0x00007ffc00c84000 	C:\WINDOWS\System32\WS2_32.dll
0x00007ffbfe940000 - 0x00007ffbfe99e000 	C:\WINDOWS\SYSTEM32\POWRPROF.dll
0x00007ffbefec0000 - 0x00007ffbefef5000 	C:\WINDOWS\SYSTEM32\WINMM.dll
0x00007ffbf2ec0000 - 0x00007ffbf2ecb000 	C:\WINDOWS\SYSTEM32\VERSION.dll
0x00007ffbfe920000 - 0x00007ffbfe934000 	C:\WINDOWS\SYSTEM32\UMPDC.dll
0x00007ffbfde60000 - 0x00007ffbfde7b000 	C:\WINDOWS\SYSTEM32\kernel.appcore.dll
0x00007ffbe51f0000 - 0x00007ffbe51fa000 	D:\Java\jdk-21.0.2\bin\jimage.dll
0x00007ffbfc7e0000 - 0x00007ffbfca22000 	C:\WINDOWS\SYSTEM32\DBGHELP.DLL
0x00007ffc006e0000 - 0x00007ffc00a5b000 	C:\WINDOWS\System32\combase.dll
0x00007ffc01b20000 - 0x00007ffc01bf7000 	C:\WINDOWS\System32\OLEAUT32.dll
0x00007ffbc3820000 - 0x00007ffbc385c000 	C:\WINDOWS\SYSTEM32\dbgcore.DLL
0x00007ffbff6e0000 - 0x00007ffbff778000 	C:\WINDOWS\System32\bcryptPrimitives.dll
0x00007ffbe3cf0000 - 0x00007ffbe3d0f000 	D:\Java\jdk-21.0.2\bin\java.dll

dbghelp: loaded successfully - version: 4.0.5 - missing functions: none
symbol engine: initialized successfully - sym options: 0x614 - pdb path: .;D:\Java\jdk-21.0.2\bin;C:\WINDOWS\SYSTEM32;C:\WINDOWS\WinSxS\amd64_microsoft.windows.common-controls_6595b64144ccf1df_6.0.26100.6899_none_3e0efeeae32e88c1;D:\Java\jdk-21.0.2\bin\server

VM Arguments:
jvm_args: -Dclassworlds.conf=D:\Java\apache-maven-3.9.6\bin\m2.conf -Dmaven.home=D:\Java\apache-maven-3.9.6 -Dlibrary.jansi.path=D:\Java\apache-maven-3.9.6\lib\jansi-native -Dmaven.multiModuleProjectDirectory=C:\Users\Admin\Desktop\uniclub\be_uniclub 
java_command: org.codehaus.plexus.classworlds.launcher.Launcher clean install -Xmx512m
java_class_path (initial): D:\Java\apache-maven-3.9.6\boot\plexus-classworlds-2.7.0.jar
Launcher Type: SUN_STANDARD

[Global flags]
     intx CICompilerCount                          = 12                                        {product} {ergonomic}
     uint ConcGCThreads                            = 3                                         {product} {ergonomic}
     uint G1ConcRefinementThreads                  = 13                                        {product} {ergonomic}
   size_t G1HeapRegionSize                         = 2097152                                   {product} {ergonomic}
    uintx GCDrainStackTargetSize                   = 64                                        {product} {ergonomic}
   size_t InitialHeapSize                          = 264241152                                 {product} {ergonomic}
   size_t MarkStackSize                            = 4194304                                   {product} {ergonomic}
   size_t MaxHeapSize                              = 4223664128                                {product} {ergonomic}
   size_t MinHeapDeltaBytes                        = 2097152                                   {product} {ergonomic}
   size_t MinHeapSize                              = 8388608                                   {product} {ergonomic}
    uintx NonNMethodCodeHeapSize                   = 7602480                                {pd product} {ergonomic}
    uintx NonProfiledCodeHeapSize                  = 122027880                              {pd product} {ergonomic}
    uintx ProfiledCodeHeapSize                     = 122027880                              {pd product} {ergonomic}
    uintx ReservedCodeCacheSize                    = 251658240                              {pd product} {ergonomic}
     bool SegmentedCodeCache                       = true                                      {product} {ergonomic}
   size_t SoftMaxHeapSize                          = 4223664128                             {manageable} {ergonomic}
     bool UseCompressedOops                        = true                           {product lp64_product} {ergonomic}
     bool UseG1GC                                  = true                                      {product} {ergonomic}
     bool UseLargePagesIndividualAllocation        = false                                  {pd product} {ergonomic}

Logging:
Log output configuration:
 #0: stdout all=warning uptime,level,tags foldmultilines=false
 #1: stderr all=off uptime,level,tags foldmultilines=false

Environment Variables:
JAVA_HOME=D:\Java\jdk-21.0.2
CLASSPATH=.;C:\Program Files\Java\jdk1.8.0_202\lib;C:\Program Files\Java\jdk1.8.0_202\jre\lib;
PATH=c:\Users\Admin\AppData\Local\Programs\cursor\resources\app\bin;D:\Java\jdk-17\bin;C:\Python312\Scripts\;C:\Python312\;C:\Program Files\Common Files\Oracle\Java\javapath;C:\Program Files (x86)\Common Files\Oracle\Java\javapath;C:\WINDOWS\system32;C:\WINDOWS;C:\WINDOWS\System32\Wbem;C:\WINDOWS\System32\WindowsPowerShell\v1.0\;C:\WINDOWS\System32\OpenSSH\;C:\Program Files (x86)\Microsoft SQL Server\160\Tools\Binn\;C:\Program Files\Microsoft SQL Server\160\Tools\Binn\;C:\Program Files\Microsoft SQL Server\Client SDK\ODBC\170\Tools\Binn\;C:\Program Files\Microsoft SQL Server\160\DTS\Binn\;C:\Program Files\Java\jdk1.8.0_202\bin;C:\ProgramData\chocolatey\bin;C:\Program Files\Git\cmd;C:\Program Files\Git\bin\;D:\Java\apache-maven-3.9.6\bin;C:\Program Files\dotnet\;C:\Program Files\GitHub CLI\;C:\Program Files\Stripe;C:\Program Files\Redis\;C:\Program Files\Gradle;C:\Program Files\PostgreSQL\17\bin;C:\Program Files\Docker\Docker\resources\bin;C:\Program Files\;C:\Users\Admin\AppData\Local\Android\Sdk\platform-tools;C:\Users\Admin\AppData\Local\Android\Sdk\tools;C:\Users\Admin\AppData\Local\Android\Sdk\platform-tools;D:\Java\jdk-21.0.2\bin;;C:\WINDOWS\system32;C:\WINDOWS;C:\WINDOWS\System32\Wbem;C:\WINDOWS\System32\WindowsPowerShell\v1.0\;C:\WINDOWS\System32\OpenSSH\;C:\Users\Admin\AppData\Local\Microsoft\WindowsApps;C:\Program Files\Azure Data Studio\bin;C:\Users\Admin\AppData\Local\Programs\Microsoft VS Code\bin;C:\Users\Admin\AppData\Roaming\npm;C:\dev\flutter\bin;C:\Users\Admin\.dotnet\tools;C:\Users\Admin\AppData\Local\Programs\Azure Dev CLI\;C:\Users\Admin\AppData\Roaming\nvm;C:\Program Files\nodejs;C:\Users\Admin\.lmstudio\bin;C:\Users\Admin\AppData\Local\JetBrains\Toolbox\scripts;;%USERPROFILE%\AppData\Local\Microsoft\WindowsApps
USERNAME=Admin
OS=Windows_NT
PROCESSOR_IDENTIFIER=Intel64 Family 6 Model 141 Stepping 1, GenuineIntel
TMP=C:\Users\Admin\AppData\Local\Temp
TEMP=C:\Users\Admin\AppData\Local\Temp




Periodic native trim disabled

---------------  S Y S T E M  ---------------

OS:
 Windows 11 , 64 bit Build 26100 (10.0.26100.6725)
OS uptime: 0 days 11:06 hours
Hyper-V role detected

CPU: total 16 (initial active 16) (8 cores per cpu, 2 threads per core) family 6 model 141 stepping 1 microcode 0x46, cx8, cmov, fxsr, ht, mmx, 3dnowpref, sse, sse2, sse3, ssse3, sse4.1, sse4.2, popcnt, lzcnt, tsc, tscinvbit, avx, avx2, aes, erms, clmul, bmi1, bmi2, adx, avx512f, avx512dq, avx512cd, avx512bw, avx512vl, sha, fma, vzeroupper, avx512_vpopcntdq, avx512_vpclmulqdq, avx512_vaes, avx512_vnni, clflush, clflushopt, clwb, avx512_vbmi2, avx512_vbmi, hv, rdtscp, rdpid, fsrm, gfni, avx512_bitalg, f16c, cet_ibt, cet_ss, avx512_ifma
Processor Information for all 16 processors :
  Max Mhz: 2304, Current Mhz: 2304, Mhz Limit: 2304

Memory: 4k page, system-wide physical 16107M (4320M free)
TotalPageFile size 16123M (AvailPageFile size 226M)
current process WorkingSet (physical memory assigned to process): 12M, peak: 12M
current process commit charge ("private bytes"): 71M, peak: 322M

vm_info: OpenJDK 64-Bit Server VM (21.0.2+13-58) for windows-amd64 JRE (21.0.2+13-58), built on 2024-01-05T18:32:24Z by "mach5one" with MS VC++ 17.1 (VS2022)

END.
